<?xml version="1.0" encoding="UTF-8" ?>
<testsuite failures="0" time="0.011" errors="0" skipped="0" tests="2" name="eu.ist_phosphorus.harmony.test.common.utils.TestUtils">
  <properties>
    <property name="java.runtime.name" value="OpenJDK Runtime Environment"/>
    <property name="sun.boot.library.path" value="/usr/lib/jvm/java-6-openjdk/jre/lib/amd64"/>
    <property name="java.vm.version" value="20.0-b11"/>
    <property name="java.vm.vendor" value="Sun Microsystems Inc."/>
    <property name="java.vendor.url" value="http://java.sun.com/"/>
    <property name="path.separator" value=":"/>
    <property name="java.vm.name" value="OpenJDK 64-Bit Server VM"/>
    <property name="file.encoding.pkg" value="sun.io"/>
    <property name="user.country" value="US"/>
    <property name="sun.java.launcher" value="SUN_STANDARD"/>
    <property name="sun.os.patch.level" value="unknown"/>
    <property name="java.vm.specification.name" value="Java Virtual Machine Specification"/>
    <property name="user.dir" value="/home/santiago/projects/harmony/ist-phosphours-wp1.harmony.src/harmony.common.utils"/>
    <property name="java.runtime.version" value="1.6.0_22-b22"/>
    <property name="java.awt.graphicsenv" value="sun.awt.X11GraphicsEnvironment"/>
    <property name="basedir" value="/home/santiago/projects/harmony/ist-phosphours-wp1.harmony.src/harmony.common.utils"/>
    <property name="java.endorsed.dirs" value="/usr/lib/jvm/java-6-openjdk/jre/lib/endorsed"/>
    <property name="os.arch" value="amd64"/>
    <property name="surefire.real.class.path" value="/tmp/surefirebooter5148773315276231451.jar"/>
    <property name="java.io.tmpdir" value="/tmp"/>
    <property name="line.separator" value="
"/>
    <property name="java.vm.specification.vendor" value="Sun Microsystems Inc."/>
    <property name="os.name" value="Linux"/>
    <property name="sun.jnu.encoding" value="UTF-8"/>
    <property name="java.library.path" value="/usr/lib/jvm/java-6-openjdk/jre/lib/amd64/server:/usr/lib/jvm/java-6-openjdk/jre/lib/amd64:/usr/lib/jvm/java-6-openjdk/jre/../lib/amd64:/usr/java/packages/lib/amd64:/usr/lib/x86_64-linux-gnu/jni:/lib/x86_64-linux-gnu:/usr/lib/x86_64-linux-gnu:/usr/lib/jni:/lib:/usr/lib"/>
    <property name="surefire.test.class.path" value="/home/santiago/projects/harmony/ist-phosphours-wp1.harmony.src/harmony.common.utils/target/test-classes:/home/santiago/projects/harmony/ist-phosphours-wp1.harmony.src/harmony.common.utils/target/classes:/home/santiago/.m2/repository/log4j/log4j/1.2.15/log4j-1.2.15.jar:/home/santiago/.m2/repository/javax/mail/mail/1.4/mail-1.4.jar:/home/santiago/.m2/repository/javax/activation/activation/1.1/activation-1.1.jar:/home/santiago/.m2/repository/javax/jms/jms/1.1/jms-1.1.jar:/home/santiago/.m2/repository/dnsjava/dnsjava/2.1.1/dnsjava-2.1.1.jar:/home/santiago/.m2/repository/junit/junit/4.4/junit-4.4.jar:/home/santiago/.m2/repository/org/apache/muse/muse-complete/2.2.0/muse-complete-2.2.0.jar:/home/santiago/.m2/repository/org/bluestemsoftware/open/maven/tparty/xerces-impl/2.9.0/xerces-impl-2.9.0.jar:/home/santiago/.m2/repository/xml-apis/xml-apis/1.3.03/xml-apis-1.3.03.jar:"/>
    <property name="java.specification.name" value="Java Platform API Specification"/>
    <property name="java.class.version" value="50.0"/>
    <property name="sun.management.compiler" value="HotSpot 64-Bit Tiered Compilers"/>
    <property name="os.version" value="2.6.38-13-generic"/>
    <property name="user.home" value="/home/santiago"/>
    <property name="user.timezone" value="Europe/Madrid"/>
    <property name="java.awt.printerjob" value="sun.print.PSPrinterJob"/>
    <property name="file.encoding" value="UTF-8"/>
    <property name="java.specification.version" value="1.6"/>
    <property name="user.name" value="santiago"/>
    <property name="java.class.path" value="/home/santiago/projects/harmony/ist-phosphours-wp1.harmony.src/harmony.common.utils/target/test-classes:/home/santiago/projects/harmony/ist-phosphours-wp1.harmony.src/harmony.common.utils/target/classes:/home/santiago/.m2/repository/log4j/log4j/1.2.15/log4j-1.2.15.jar:/home/santiago/.m2/repository/javax/mail/mail/1.4/mail-1.4.jar:/home/santiago/.m2/repository/javax/activation/activation/1.1/activation-1.1.jar:/home/santiago/.m2/repository/javax/jms/jms/1.1/jms-1.1.jar:/home/santiago/.m2/repository/dnsjava/dnsjava/2.1.1/dnsjava-2.1.1.jar:/home/santiago/.m2/repository/junit/junit/4.4/junit-4.4.jar:/home/santiago/.m2/repository/org/apache/muse/muse-complete/2.2.0/muse-complete-2.2.0.jar:/home/santiago/.m2/repository/org/bluestemsoftware/open/maven/tparty/xerces-impl/2.9.0/xerces-impl-2.9.0.jar:/home/santiago/.m2/repository/xml-apis/xml-apis/1.3.03/xml-apis-1.3.03.jar:"/>
    <property name="java.vm.specification.version" value="1.0"/>
    <property name="sun.arch.data.model" value="64"/>
    <property name="java.home" value="/usr/lib/jvm/java-6-openjdk/jre"/>
    <property name="sun.java.command" value="/tmp/surefirebooter5148773315276231451.jar /tmp/surefire7897953083159502696tmp /tmp/surefire1280844933076708232tmp"/>
    <property name="java.specification.vendor" value="Sun Microsystems Inc."/>
    <property name="user.language" value="en"/>
    <property name="java.vm.info" value="mixed mode"/>
    <property name="java.version" value="1.6.0_22"/>
    <property name="java.ext.dirs" value="/usr/lib/jvm/java-6-openjdk/jre/lib/ext:/usr/java/packages/lib/ext"/>
    <property name="sun.boot.class.path" value="/usr/lib/jvm/java-6-openjdk/jre/lib/resources.jar:/usr/lib/jvm/java-6-openjdk/jre/lib/rt.jar:/usr/lib/jvm/java-6-openjdk/jre/lib/sunrsasign.jar:/usr/lib/jvm/java-6-openjdk/jre/lib/jsse.jar:/usr/lib/jvm/java-6-openjdk/jre/lib/jce.jar:/usr/lib/jvm/java-6-openjdk/jre/lib/charsets.jar:/usr/lib/jvm/java-6-openjdk/jre/lib/netx.jar:/usr/lib/jvm/java-6-openjdk/jre/lib/plugin.jar:/usr/lib/jvm/java-6-openjdk/jre/lib/rhino.jar:/usr/lib/jvm/java-6-openjdk/jre/lib/modules/jdk.boot.jar:/usr/lib/jvm/java-6-openjdk/jre/classes"/>
    <property name="java.vendor" value="Sun Microsystems Inc."/>
    <property name="localRepository" value="/home/santiago/.m2/repository"/>
    <property name="file.separator" value="/"/>
    <property name="java.vendor.url.bug" value="http://java.sun.com/cgi-bin/bugreport.cgi"/>
    <property name="sun.cpu.endian" value="little"/>
    <property name="sun.io.unicode.encoding" value="UnicodeLittle"/>
    <property name="sun.desktop" value="gnome"/>
    <property name="sun.cpu.isalist" value=""/>
  </properties>
  <testcase time="0.004" classname="eu.ist_phosphorus.harmony.test.common.utils.TestUtils" name="testPrefixMatch"/>
  <testcase time="0.005" classname="eu.ist_phosphorus.harmony.test.common.utils.TestUtils" name="testMethodReflectionCache"/>
</testsuite>