<?xml version="1.0" encoding="UTF-8" ?>
<testsuite failures="0" time="2.283" errors="6" skipped="0" tests="6" name="eu.ist_phosphorus.harmony.test.adapter.uclp.webservice.TestWebservice">
  <properties>
    <property name="java.runtime.name" value="OpenJDK Runtime Environment"/>
    <property name="sun.boot.library.path" value="/usr/lib/jvm/java-6-openjdk/jre/lib/amd64"/>
    <property name="java.vm.version" value="20.0-b11"/>
    <property name="java.vm.vendor" value="Sun Microsystems Inc."/>
    <property name="java.vendor.url" value="http://java.sun.com/"/>
    <property name="path.separator" value=":"/>
    <property name="java.vm.name" value="OpenJDK 64-Bit Server VM"/>
    <property name="file.encoding.pkg" value="sun.io"/>
    <property name="user.country" value="US"/>
    <property name="sun.java.launcher" value="SUN_STANDARD"/>
    <property name="sun.os.patch.level" value="unknown"/>
    <property name="java.vm.specification.name" value="Java Virtual Machine Specification"/>
    <property name="user.dir" value="/home/santiago/projects/harmony/ist-phosphours-wp1.harmony.src/harmony.adapter.uclp"/>
    <property name="java.runtime.version" value="1.6.0_22-b22"/>
    <property name="java.awt.graphicsenv" value="sun.awt.X11GraphicsEnvironment"/>
    <property name="basedir" value="/home/santiago/projects/harmony/ist-phosphours-wp1.harmony.src/harmony.adapter.uclp"/>
    <property name="java.endorsed.dirs" value="/usr/lib/jvm/java-6-openjdk/jre/lib/endorsed"/>
    <property name="os.arch" value="amd64"/>
    <property name="surefire.real.class.path" value="/tmp/surefirebooter8271361227963372736.jar"/>
    <property name="java.io.tmpdir" value="/tmp"/>
    <property name="line.separator" value="
"/>
    <property name="java.vm.specification.vendor" value="Sun Microsystems Inc."/>
    <property name="os.name" value="Linux"/>
    <property name="sun.jnu.encoding" value="UTF-8"/>
    <property name="java.library.path" value="/usr/lib/jvm/java-6-openjdk/jre/lib/amd64/server:/usr/lib/jvm/java-6-openjdk/jre/lib/amd64:/usr/lib/jvm/java-6-openjdk/jre/../lib/amd64:/usr/java/packages/lib/amd64:/usr/lib/x86_64-linux-gnu/jni:/lib/x86_64-linux-gnu:/usr/lib/x86_64-linux-gnu:/usr/lib/jni:/lib:/usr/lib"/>
    <property name="surefire.test.class.path" value="/home/santiago/projects/harmony/ist-phosphours-wp1.harmony.src/harmony.adapter.uclp/target/test-classes:/home/santiago/projects/harmony/ist-phosphours-wp1.harmony.src/harmony.adapter.uclp/target/classes:/home/santiago/.m2/repository/bouncycastle/bcprov-jdk15/140/bcprov-jdk15-140.jar:/home/santiago/.m2/repository/cryptix/cryptix/3.2.0/cryptix-3.2.0.jar:/home/santiago/.m2/repository/cryptix/cryptix-asn1/1/cryptix-asn1-1.jar:/home/santiago/.m2/repository/org/jglobus/JGlobus-Core/2.0.4/JGlobus-Core-2.0.4.jar:/home/santiago/.m2/repository/org/jglobus/myproxy/2.0/myproxy-2.0.jar:/home/santiago/.m2/repository/org/jglobus/cog-jglobus/1.4/cog-jglobus-1.4.jar:/home/santiago/.m2/repository/org/jglobus/cog-axis/1.4/cog-axis-1.4.jar:/home/santiago/.m2/repository/org/globus/wsrf-core-stubs/1/wsrf-core-stubs-1.jar:/home/santiago/.m2/repository/org/globus/wsrf-core/1/wsrf-core-1.jar:/home/santiago/.m2/repository/org/hibernate/ejb3-persistence/1.0.2.GA/ejb3-persistence-1.0.2.GA.jar:/home/santiago/.m2/repository/org/apache/ws/security/wss4j/1.6.4/wss4j-1.6.4.jar:/home/santiago/.m2/repository/commons-logging/commons-logging/1.1.1/commons-logging-1.1.1.jar:/home/santiago/.m2/repository/org/apache/santuario/xmlsec/1.5.0/xmlsec-1.5.0.jar:/home/santiago/.m2/repository/org/opensaml/opensaml/2.5.1-1/opensaml-2.5.1-1.jar:/home/santiago/.m2/repository/org/opensaml/openws/1.4.2-1/openws-1.4.2-1.jar:/home/santiago/.m2/repository/org/opensaml/xmltooling/1.3.2-1/xmltooling-1.3.2-1.jar:/home/santiago/.m2/repository/org/slf4j/slf4j-api/1.6.1/slf4j-api-1.6.1.jar:/home/santiago/.m2/repository/joda-time/joda-time/1.6.2/joda-time-1.6.2.jar:/home/santiago/.m2/repository/xalan/xalan/2.7.0/xalan-2.7.0.jar:/home/santiago/.m2/repository/xml-apis/xml-apis/1.0.b2/xml-apis-1.0.b2.jar:/home/santiago/.m2/repository/dom4j/dom4j/1.6.1/dom4j-1.6.1.jar:/home/santiago/.m2/repository/sun-xacml/sun-xacml/2.0/sun-xacml-2.0.jar:/home/santiago/.m2/repository/org/apache/geronimo/specs/geronimo-jaxrpc_1.1_spec/2.1/geronimo-jaxrpc_1.1_spec-2.1.jar:/home/santiago/.m2/repository/wsdl4j/wsdl4j/1.6.2/wsdl4j-1.6.2.jar:/home/santiago/.m2/repository/axis/axis/1.4/axis-1.4.jar:/home/santiago/.m2/repository/org/apache/axis/axis-jaxrpc/1.4/axis-jaxrpc-1.4.jar:/home/santiago/.m2/repository/org/apache/axis/axis-saaj/1.4/axis-saaj-1.4.jar:/home/santiago/.m2/repository/axis/axis-wsdl4j/1.5.1/axis-wsdl4j-1.5.1.jar:/home/santiago/.m2/repository/commons-discovery/commons-discovery/0.4/commons-discovery-0.4.jar:/home/santiago/.m2/repository/junit/junit/4.4/junit-4.4.jar:/home/santiago/.m2/repository/com/mockrunner/mockrunner-jdk1.5-j2ee1.3/0.4/mockrunner-jdk1.5-j2ee1.3-0.4.jar:/home/santiago/.m2/repository/commons-beanutils/commons-beanutils/1.7.0/commons-beanutils-1.7.0.jar:/home/santiago/.m2/repository/commons-digester/commons-digester/1.8/commons-digester-1.8.jar:/home/santiago/.m2/repository/commons-validator/commons-validator/1.3.1/commons-validator-1.3.1.jar:/home/santiago/.m2/repository/oro/oro/2.0.8/oro-2.0.8.jar:/home/santiago/.m2/repository/jdom/jdom/1.0/jdom-1.0.jar:/home/santiago/.m2/repository/org/mockejb/mockejb/0.6-beta2/mockejb-0.6-beta2.jar:/home/santiago/.m2/repository/cglib/cglib-full/2.0.2/cglib-full-2.0.2.jar:/home/santiago/.m2/repository/nekohtml/nekohtml/0.9.5/nekohtml-0.9.5.jar:/home/santiago/.m2/repository/xerces/xercesImpl/2.9.0/xercesImpl-2.9.0.jar:/home/santiago/.m2/repository/javax/servlet/servlet-api/2.3/servlet-api-2.3.jar:/home/santiago/.m2/repository/struts/struts/1.2.9/struts-1.2.9.jar:/home/santiago/.m2/repository/commons-fileupload/commons-fileupload/1.0/commons-fileupload-1.0.jar:/home/santiago/.m2/repository/antlr/antlr/2.7.2/antlr-2.7.2.jar:/home/santiago/.m2/repository/stax/stax-api/1.0.1/stax-api-1.0.1.jar:/home/santiago/.m2/repository/org/bluestemsoftware/open/maven/tparty/xerces-impl/2.9.0/xerces-impl-2.9.0.jar:/home/santiago/.m2/repository/javax/mail/mail/1.4.4/mail-1.4.4.jar:/home/santiago/.m2/repository/javax/activation/activation/1.1/activation-1.1.jar:/home/santiago/.m2/repository/dnsjava/dnsjava/2.1.1/dnsjava-2.1.1.jar:/home/santiago/.m2/repository/org/mortbay/jetty/servlet-api/2.5.20110712/servlet-api-2.5.20110712.jar:/home/santiago/.m2/repository/javax/transaction/jta/1.1/jta-1.1.jar:/home/santiago/.m2/repository/commons-net/commons-net/2.0/commons-net-2.0.jar:/home/santiago/.m2/repository/commons-collections/commons-collections/3.1/commons-collections-3.1.jar:/home/santiago/.m2/repository/log4j/log4j/1.2.15/log4j-1.2.15.jar:/home/santiago/.m2/repository/javax/jms/jms/1.1/jms-1.1.jar:/home/santiago/.m2/repository/org/apache/muse/muse-platform-mini/2.2.0/muse-platform-mini-2.2.0.jar:/home/santiago/projects/harmony/ist-phosphours-wp1.harmony.src/harmony.common.utils/target/common-utils-1.jar:/home/santiago/.m2/repository/org/apache/muse/muse-complete/2.2.0/muse-complete-2.2.0.jar:/home/santiago/.m2/repository/org/aaaarch/gaaa-toolkit/v06-20081128/gaaa-toolkit-v06-20081128.jar:/home/santiago/.m2/repository/org/apache/muse/muse-tools/2.2.0/muse-tools-2.2.0.jar:/home/santiago/.m2/repository/eu/ist_phosphorus/harmony/common-serviceinterface/1/common-serviceinterface-1.jar:/home/santiago/.m2/repository/ca/inocybe/core/userworkspace-stubs/1/userworkspace-stubs-1.jar:/home/santiago/.m2/repository/ca/inocybe/argia/reservation-stubs/1/reservation-stubs-1.jar:/home/santiago/.m2/repository/com/claymoresystems/puretls/0.95b/puretls-0.95b.jar:/home/santiago/.m2/repository/net/sourceforge/addressing/addressing/1.1.1/addressing-1.1.1.jar:/home/santiago/.m2/repository/commons-logging/commons-logging/1.1.1/commons-logging-1.1.1-api.jar:/home/santiago/.m2/repository/org/apache/santuario/xmlsecSamples/1/xmlsecSamples-1.jar:"/>
    <property name="java.specification.name" value="Java Platform API Specification"/>
    <property name="java.class.version" value="50.0"/>
    <property name="sun.management.compiler" value="HotSpot 64-Bit Tiered Compilers"/>
    <property name="os.version" value="2.6.38-13-generic"/>
    <property name="user.home" value="/home/santiago"/>
    <property name="user.timezone" value="Europe/Madrid"/>
    <property name="java.awt.printerjob" value="sun.print.PSPrinterJob"/>
    <property name="file.encoding" value="UTF-8"/>
    <property name="java.specification.version" value="1.6"/>
    <property name="user.name" value="santiago"/>
    <property name="java.class.path" value="/home/santiago/projects/harmony/ist-phosphours-wp1.harmony.src/harmony.adapter.uclp/target/test-classes:/home/santiago/projects/harmony/ist-phosphours-wp1.harmony.src/harmony.adapter.uclp/target/classes:/home/santiago/.m2/repository/bouncycastle/bcprov-jdk15/140/bcprov-jdk15-140.jar:/home/santiago/.m2/repository/cryptix/cryptix/3.2.0/cryptix-3.2.0.jar:/home/santiago/.m2/repository/cryptix/cryptix-asn1/1/cryptix-asn1-1.jar:/home/santiago/.m2/repository/org/jglobus/JGlobus-Core/2.0.4/JGlobus-Core-2.0.4.jar:/home/santiago/.m2/repository/org/jglobus/myproxy/2.0/myproxy-2.0.jar:/home/santiago/.m2/repository/org/jglobus/cog-jglobus/1.4/cog-jglobus-1.4.jar:/home/santiago/.m2/repository/org/jglobus/cog-axis/1.4/cog-axis-1.4.jar:/home/santiago/.m2/repository/org/globus/wsrf-core-stubs/1/wsrf-core-stubs-1.jar:/home/santiago/.m2/repository/org/globus/wsrf-core/1/wsrf-core-1.jar:/home/santiago/.m2/repository/org/hibernate/ejb3-persistence/1.0.2.GA/ejb3-persistence-1.0.2.GA.jar:/home/santiago/.m2/repository/org/apache/ws/security/wss4j/1.6.4/wss4j-1.6.4.jar:/home/santiago/.m2/repository/commons-logging/commons-logging/1.1.1/commons-logging-1.1.1.jar:/home/santiago/.m2/repository/org/apache/santuario/xmlsec/1.5.0/xmlsec-1.5.0.jar:/home/santiago/.m2/repository/org/opensaml/opensaml/2.5.1-1/opensaml-2.5.1-1.jar:/home/santiago/.m2/repository/org/opensaml/openws/1.4.2-1/openws-1.4.2-1.jar:/home/santiago/.m2/repository/org/opensaml/xmltooling/1.3.2-1/xmltooling-1.3.2-1.jar:/home/santiago/.m2/repository/org/slf4j/slf4j-api/1.6.1/slf4j-api-1.6.1.jar:/home/santiago/.m2/repository/joda-time/joda-time/1.6.2/joda-time-1.6.2.jar:/home/santiago/.m2/repository/xalan/xalan/2.7.0/xalan-2.7.0.jar:/home/santiago/.m2/repository/xml-apis/xml-apis/1.0.b2/xml-apis-1.0.b2.jar:/home/santiago/.m2/repository/dom4j/dom4j/1.6.1/dom4j-1.6.1.jar:/home/santiago/.m2/repository/sun-xacml/sun-xacml/2.0/sun-xacml-2.0.jar:/home/santiago/.m2/repository/org/apache/geronimo/specs/geronimo-jaxrpc_1.1_spec/2.1/geronimo-jaxrpc_1.1_spec-2.1.jar:/home/santiago/.m2/repository/wsdl4j/wsdl4j/1.6.2/wsdl4j-1.6.2.jar:/home/santiago/.m2/repository/axis/axis/1.4/axis-1.4.jar:/home/santiago/.m2/repository/org/apache/axis/axis-jaxrpc/1.4/axis-jaxrpc-1.4.jar:/home/santiago/.m2/repository/org/apache/axis/axis-saaj/1.4/axis-saaj-1.4.jar:/home/santiago/.m2/repository/axis/axis-wsdl4j/1.5.1/axis-wsdl4j-1.5.1.jar:/home/santiago/.m2/repository/commons-discovery/commons-discovery/0.4/commons-discovery-0.4.jar:/home/santiago/.m2/repository/junit/junit/4.4/junit-4.4.jar:/home/santiago/.m2/repository/com/mockrunner/mockrunner-jdk1.5-j2ee1.3/0.4/mockrunner-jdk1.5-j2ee1.3-0.4.jar:/home/santiago/.m2/repository/commons-beanutils/commons-beanutils/1.7.0/commons-beanutils-1.7.0.jar:/home/santiago/.m2/repository/commons-digester/commons-digester/1.8/commons-digester-1.8.jar:/home/santiago/.m2/repository/commons-validator/commons-validator/1.3.1/commons-validator-1.3.1.jar:/home/santiago/.m2/repository/oro/oro/2.0.8/oro-2.0.8.jar:/home/santiago/.m2/repository/jdom/jdom/1.0/jdom-1.0.jar:/home/santiago/.m2/repository/org/mockejb/mockejb/0.6-beta2/mockejb-0.6-beta2.jar:/home/santiago/.m2/repository/cglib/cglib-full/2.0.2/cglib-full-2.0.2.jar:/home/santiago/.m2/repository/nekohtml/nekohtml/0.9.5/nekohtml-0.9.5.jar:/home/santiago/.m2/repository/xerces/xercesImpl/2.9.0/xercesImpl-2.9.0.jar:/home/santiago/.m2/repository/javax/servlet/servlet-api/2.3/servlet-api-2.3.jar:/home/santiago/.m2/repository/struts/struts/1.2.9/struts-1.2.9.jar:/home/santiago/.m2/repository/commons-fileupload/commons-fileupload/1.0/commons-fileupload-1.0.jar:/home/santiago/.m2/repository/antlr/antlr/2.7.2/antlr-2.7.2.jar:/home/santiago/.m2/repository/stax/stax-api/1.0.1/stax-api-1.0.1.jar:/home/santiago/.m2/repository/org/bluestemsoftware/open/maven/tparty/xerces-impl/2.9.0/xerces-impl-2.9.0.jar:/home/santiago/.m2/repository/javax/mail/mail/1.4.4/mail-1.4.4.jar:/home/santiago/.m2/repository/javax/activation/activation/1.1/activation-1.1.jar:/home/santiago/.m2/repository/dnsjava/dnsjava/2.1.1/dnsjava-2.1.1.jar:/home/santiago/.m2/repository/org/mortbay/jetty/servlet-api/2.5.20110712/servlet-api-2.5.20110712.jar:/home/santiago/.m2/repository/javax/transaction/jta/1.1/jta-1.1.jar:/home/santiago/.m2/repository/commons-net/commons-net/2.0/commons-net-2.0.jar:/home/santiago/.m2/repository/commons-collections/commons-collections/3.1/commons-collections-3.1.jar:/home/santiago/.m2/repository/log4j/log4j/1.2.15/log4j-1.2.15.jar:/home/santiago/.m2/repository/javax/jms/jms/1.1/jms-1.1.jar:/home/santiago/.m2/repository/org/apache/muse/muse-platform-mini/2.2.0/muse-platform-mini-2.2.0.jar:/home/santiago/projects/harmony/ist-phosphours-wp1.harmony.src/harmony.common.utils/target/common-utils-1.jar:/home/santiago/.m2/repository/org/apache/muse/muse-complete/2.2.0/muse-complete-2.2.0.jar:/home/santiago/.m2/repository/org/aaaarch/gaaa-toolkit/v06-20081128/gaaa-toolkit-v06-20081128.jar:/home/santiago/.m2/repository/org/apache/muse/muse-tools/2.2.0/muse-tools-2.2.0.jar:/home/santiago/.m2/repository/eu/ist_phosphorus/harmony/common-serviceinterface/1/common-serviceinterface-1.jar:/home/santiago/.m2/repository/ca/inocybe/core/userworkspace-stubs/1/userworkspace-stubs-1.jar:/home/santiago/.m2/repository/ca/inocybe/argia/reservation-stubs/1/reservation-stubs-1.jar:/home/santiago/.m2/repository/com/claymoresystems/puretls/0.95b/puretls-0.95b.jar:/home/santiago/.m2/repository/net/sourceforge/addressing/addressing/1.1.1/addressing-1.1.1.jar:/home/santiago/.m2/repository/commons-logging/commons-logging/1.1.1/commons-logging-1.1.1-api.jar:/home/santiago/.m2/repository/org/apache/santuario/xmlsecSamples/1/xmlsecSamples-1.jar:"/>
    <property name="java.vm.specification.version" value="1.0"/>
    <property name="sun.arch.data.model" value="64"/>
    <property name="java.home" value="/usr/lib/jvm/java-6-openjdk/jre"/>
    <property name="sun.java.command" value="/tmp/surefirebooter8271361227963372736.jar /tmp/surefire4327495813719723730tmp /tmp/surefire6611744200127785827tmp"/>
    <property name="java.specification.vendor" value="Sun Microsystems Inc."/>
    <property name="user.language" value="en"/>
    <property name="java.vm.info" value="mixed mode"/>
    <property name="java.version" value="1.6.0_22"/>
    <property name="java.ext.dirs" value="/usr/lib/jvm/java-6-openjdk/jre/lib/ext:/usr/java/packages/lib/ext"/>
    <property name="sun.boot.class.path" value="/usr/lib/jvm/java-6-openjdk/jre/lib/resources.jar:/usr/lib/jvm/java-6-openjdk/jre/lib/rt.jar:/usr/lib/jvm/java-6-openjdk/jre/lib/sunrsasign.jar:/usr/lib/jvm/java-6-openjdk/jre/lib/jsse.jar:/usr/lib/jvm/java-6-openjdk/jre/lib/jce.jar:/usr/lib/jvm/java-6-openjdk/jre/lib/charsets.jar:/usr/lib/jvm/java-6-openjdk/jre/lib/netx.jar:/usr/lib/jvm/java-6-openjdk/jre/lib/plugin.jar:/usr/lib/jvm/java-6-openjdk/jre/lib/rhino.jar:/usr/lib/jvm/java-6-openjdk/jre/lib/modules/jdk.boot.jar:/usr/lib/jvm/java-6-openjdk/jre/classes"/>
    <property name="java.vendor" value="Sun Microsystems Inc."/>
    <property name="localRepository" value="/home/santiago/.m2/repository"/>
    <property name="file.separator" value="/"/>
    <property name="java.vendor.url.bug" value="http://java.sun.com/cgi-bin/bugreport.cgi"/>
    <property name="sun.cpu.endian" value="little"/>
    <property name="sun.io.unicode.encoding" value="UnicodeLittle"/>
    <property name="sun.desktop" value="gnome"/>
    <property name="sun.cpu.isalist" value=""/>
  </properties>
  <testcase time="1.711" classname="eu.ist_phosphorus.harmony.test.adapter.uclp.webservice.TestWebservice" name="testGetStatus">
    <error message="AbstractTopologyRegistrator has to be Instanciated before forwarding Requests!" type="eu.ist_phosphorus.harmony.common.serviceinterface.databinding.jaxb.exceptions.UnexpectedFaultException">eu.ist_phosphorus.harmony.common.serviceinterface.databinding.jaxb.exceptions.UnexpectedFaultException: AbstractTopologyRegistrator has to be Instanciated before forwarding Requests!
	at eu.ist_phosphorus.harmony.common.serviceinterface.utils.ForwardingHelper.getLocalDomain(ForwardingHelper.java:141)
	at eu.ist_phosphorus.harmony.common.serviceinterface.utils.ForwardingHelper.getSuffix(ForwardingHelper.java:217)
	at eu.ist_phosphorus.harmony.common.serviceinterface.utils.ForwardingHelper.isForeignRequest(ForwardingHelper.java:386)
	at eu.ist_phosphorus.harmony.common.serviceinterface.reservation.CommonReservationHandler.invokeMethod(CommonReservationHandler.java:179)
	at eu.ist_phosphorus.harmony.common.serviceinterface.RequestHandler.runRequest(RequestHandler.java:230)
	at eu.ist_phosphorus.harmony.common.serviceinterface.RequestHandler.handle(RequestHandler.java:113)
	at eu.ist_phosphorus.harmony.adapter.uclp.webservice.ReservationWS.getStatus(ReservationWS.java:175)
	at sun.reflect.NativeMethodAccessorImpl.invoke0(Native Method)
	at sun.reflect.NativeMethodAccessorImpl.invoke(NativeMethodAccessorImpl.java:57)
	at sun.reflect.DelegatingMethodAccessorImpl.invoke(DelegatingMethodAccessorImpl.java:43)
	at java.lang.reflect.Method.invoke(Method.java:616)
	at eu.ist_phosphorus.harmony.common.serviceinterface.reservation.CommonReservationClient.callServer(CommonReservationClient.java:134)
	at eu.ist_phosphorus.harmony.common.serviceinterface.reservation.CommonReservationClient.getStatus(CommonReservationClient.java:245)
	at eu.ist_phosphorus.harmony.common.serviceinterface.reservation.SimpleReservationClient.getStatus(SimpleReservationClient.java:573)
	at eu.ist_phosphorus.harmony.common.serviceinterface.reservation.SimpleReservationClient.getStatus(SimpleReservationClient.java:585)
	at eu.ist_phosphorus.harmony.test.adapter.uclp.webservice.TestWebservice.testGetStatus(TestWebservice.java:332)
	at sun.reflect.NativeMethodAccessorImpl.invoke0(Native Method)
	at sun.reflect.NativeMethodAccessorImpl.invoke(NativeMethodAccessorImpl.java:57)
	at sun.reflect.DelegatingMethodAccessorImpl.invoke(DelegatingMethodAccessorImpl.java:43)
	at java.lang.reflect.Method.invoke(Method.java:616)
	at org.junit.runners.model.FrameworkMethod$1.runReflectiveCall(FrameworkMethod.java:44)
	at org.junit.internal.runners.model.ReflectiveCallable.run(ReflectiveCallable.java:15)
	at org.junit.runners.model.FrameworkMethod.invokeExplosively(FrameworkMethod.java:41)
	at org.junit.internal.runners.statements.InvokeMethod.evaluate(InvokeMethod.java:20)
	at org.junit.internal.runners.statements.FailOnTimeout$1.run(FailOnTimeout.java:28)
</error>
    <system-err>org.globus.myproxy.MyProxyException: MyProxy get failed.
	at org.globus.myproxy.MyProxy.get(MyProxy.java:1087)
	at org.globus.myproxy.MyProxy.get(MyProxy.java:934)
	at eu.ist_phosphorus.harmony.adapter.uclp.handler.ReservationHandler.&lt;init&gt;(ReservationHandler.java:225)
	at eu.ist_phosphorus.harmony.adapter.uclp.handler.ReservationHandler.getInstance(ReservationHandler.java:151)
	at eu.ist_phosphorus.harmony.adapter.uclp.webservice.ReservationWS.getStatus(ReservationWS.java:175)
	at sun.reflect.NativeMethodAccessorImpl.invoke0(Native Method)
	at sun.reflect.NativeMethodAccessorImpl.invoke(NativeMethodAccessorImpl.java:57)
	at sun.reflect.DelegatingMethodAccessorImpl.invoke(DelegatingMethodAccessorImpl.java:43)
	at java.lang.reflect.Method.invoke(Method.java:616)
	at eu.ist_phosphorus.harmony.common.serviceinterface.reservation.CommonReservationClient.callServer(CommonReservationClient.java:134)
	at eu.ist_phosphorus.harmony.common.serviceinterface.reservation.CommonReservationClient.getStatus(CommonReservationClient.java:245)
	at eu.ist_phosphorus.harmony.common.serviceinterface.reservation.SimpleReservationClient.getStatus(SimpleReservationClient.java:573)
	at eu.ist_phosphorus.harmony.common.serviceinterface.reservation.SimpleReservationClient.getStatus(SimpleReservationClient.java:585)
	at eu.ist_phosphorus.harmony.test.adapter.uclp.webservice.TestWebservice.testGetStatus(TestWebservice.java:332)
	at sun.reflect.NativeMethodAccessorImpl.invoke0(Native Method)
	at sun.reflect.NativeMethodAccessorImpl.invoke(NativeMethodAccessorImpl.java:57)
	at sun.reflect.DelegatingMethodAccessorImpl.invoke(DelegatingMethodAccessorImpl.java:43)
	at java.lang.reflect.Method.invoke(Method.java:616)
	at org.junit.runners.model.FrameworkMethod$1.runReflectiveCall(FrameworkMethod.java:44)
	at org.junit.internal.runners.model.ReflectiveCallable.run(ReflectiveCallable.java:15)
	at org.junit.runners.model.FrameworkMethod.invokeExplosively(FrameworkMethod.java:41)
	at org.junit.internal.runners.statements.InvokeMethod.evaluate(InvokeMethod.java:20)
	at org.junit.internal.runners.statements.FailOnTimeout$1.run(FailOnTimeout.java:28)
Caused by: GSSException: Failure unspecified at GSS-API level [Caused by: the trustedCert parameter must be non-null]
	at org.globus.gsi.gssapi.GlobusGSSContextImpl.&lt;init&gt;(GlobusGSSContextImpl.java:315)
	at org.globus.gsi.gssapi.GlobusGSSManagerImpl.createContext(GlobusGSSManagerImpl.java:267)
	at org.globus.myproxy.MyProxy.getSocket(MyProxy.java:263)
	at org.globus.myproxy.MyProxy.get(MyProxy.java:973)
	... 22 more
Caused by: java.lang.NullPointerException: the trustedCert parameter must be non-null
	at java.security.cert.TrustAnchor.&lt;init&gt;(TrustAnchor.java:127)
	at org.globus.gsi.stores.ResourceTrustAnchor.create(ResourceTrustAnchor.java:70)
	at org.globus.gsi.stores.ResourceTrustAnchor.create(ResourceTrustAnchor.java:36)
	at org.globus.gsi.stores.AbstractResourceSecurityWrapper.init(AbstractResourceSecurityWrapper.java:56)
	at org.globus.gsi.stores.ResourceTrustAnchor.&lt;init&gt;(ResourceTrustAnchor.java:44)
	at org.globus.gsi.stores.ResourceCACertStore.create(ResourceCACertStore.java:43)
	at org.globus.gsi.stores.ResourceCACertStore.create(ResourceCACertStore.java:36)
	at org.globus.gsi.stores.ResourceSecurityWrapperStore.load(ResourceSecurityWrapperStore.java:139)
	at org.globus.gsi.stores.ResourceSecurityWrapperStore.loadResources(ResourceSecurityWrapperStore.java:111)
	at org.globus.gsi.stores.ResourceSecurityWrapperStore.loadWrappers(ResourceSecurityWrapperStore.java:87)
	at org.globus.gsi.stores.PEMKeyStore.loadDirectories(PEMKeyStore.java:438)
	at org.globus.gsi.stores.PEMKeyStore.initialize(PEMKeyStore.java:382)
	at org.globus.gsi.stores.PEMKeyStore.engineLoad(PEMKeyStore.java:304)
	at java.security.KeyStore.load(KeyStore.java:1235)
	at org.globus.gsi.gssapi.GlobusGSSContextImpl.&lt;init&gt;(GlobusGSSContextImpl.java:298)
	... 25 more
eu.ist_phosphorus.harmony.common.serviceinterface.databinding.jaxb.exceptions.UnexpectedFaultException: AbstractTopologyRegistrator has to be Instanciated before forwarding Requests!
	at eu.ist_phosphorus.harmony.common.serviceinterface.utils.ForwardingHelper.getLocalDomain(ForwardingHelper.java:141)
	at eu.ist_phosphorus.harmony.common.serviceinterface.utils.ForwardingHelper.getSuffix(ForwardingHelper.java:217)
	at eu.ist_phosphorus.harmony.common.serviceinterface.utils.ForwardingHelper.isForeignRequest(ForwardingHelper.java:386)
	at eu.ist_phosphorus.harmony.common.serviceinterface.reservation.CommonReservationHandler.invokeMethod(CommonReservationHandler.java:179)
	at eu.ist_phosphorus.harmony.common.serviceinterface.RequestHandler.runRequest(RequestHandler.java:230)
	at eu.ist_phosphorus.harmony.common.serviceinterface.RequestHandler.handle(RequestHandler.java:113)
	at eu.ist_phosphorus.harmony.adapter.uclp.webservice.ReservationWS.getStatus(ReservationWS.java:175)
	at sun.reflect.NativeMethodAccessorImpl.invoke0(Native Method)
	at sun.reflect.NativeMethodAccessorImpl.invoke(NativeMethodAccessorImpl.java:57)
	at sun.reflect.DelegatingMethodAccessorImpl.invoke(DelegatingMethodAccessorImpl.java:43)
	at java.lang.reflect.Method.invoke(Method.java:616)
	at eu.ist_phosphorus.harmony.common.serviceinterface.reservation.CommonReservationClient.callServer(CommonReservationClient.java:134)
	at eu.ist_phosphorus.harmony.common.serviceinterface.reservation.CommonReservationClient.getStatus(CommonReservationClient.java:245)
	at eu.ist_phosphorus.harmony.common.serviceinterface.reservation.SimpleReservationClient.getStatus(SimpleReservationClient.java:573)
	at eu.ist_phosphorus.harmony.common.serviceinterface.reservation.SimpleReservationClient.getStatus(SimpleReservationClient.java:585)
	at eu.ist_phosphorus.harmony.test.adapter.uclp.webservice.TestWebservice.testGetStatus(TestWebservice.java:332)
	at sun.reflect.NativeMethodAccessorImpl.invoke0(Native Method)
	at sun.reflect.NativeMethodAccessorImpl.invoke(NativeMethodAccessorImpl.java:57)
	at sun.reflect.DelegatingMethodAccessorImpl.invoke(DelegatingMethodAccessorImpl.java:43)
	at java.lang.reflect.Method.invoke(Method.java:616)
	at org.junit.runners.model.FrameworkMethod$1.runReflectiveCall(FrameworkMethod.java:44)
	at org.junit.internal.runners.model.ReflectiveCallable.run(ReflectiveCallable.java:15)
	at org.junit.runners.model.FrameworkMethod.invokeExplosively(FrameworkMethod.java:41)
	at org.junit.internal.runners.statements.InvokeMethod.evaluate(InvokeMethod.java:20)
	at org.junit.internal.runners.statements.FailOnTimeout$1.run(FailOnTimeout.java:28)
</system-err>
  </testcase>
  <testcase time="0.041" classname="eu.ist_phosphorus.harmony.test.adapter.uclp.webservice.TestWebservice" name="testAvailability">
    <error message="Topology registrator must be initialized first!" type="eu.ist_phosphorus.harmony.common.serviceinterface.databinding.jaxb.exceptions.UnexpectedFaultException">eu.ist_phosphorus.harmony.common.serviceinterface.databinding.jaxb.exceptions.UnexpectedFaultException: Topology registrator must be initialized first!
	at eu.ist_phosphorus.harmony.common.serviceinterface.utils.ForwardingHelper.isForeignDomain(ForwardingHelper.java:261)
	at eu.ist_phosphorus.harmony.common.serviceinterface.utils.ForwardingHelper.isForeignRequest(ForwardingHelper.java:334)
	at eu.ist_phosphorus.harmony.common.serviceinterface.utils.ForwardingHelper.isForeignRequest(ForwardingHelper.java:382)
	at eu.ist_phosphorus.harmony.common.serviceinterface.reservation.CommonReservationHandler.invokeMethod(CommonReservationHandler.java:179)
	at eu.ist_phosphorus.harmony.common.serviceinterface.RequestHandler.runRequest(RequestHandler.java:230)
	at eu.ist_phosphorus.harmony.common.serviceinterface.RequestHandler.handle(RequestHandler.java:113)
	at eu.ist_phosphorus.harmony.adapter.uclp.webservice.ReservationWS.isAvailable(ReservationWS.java:188)
	at sun.reflect.NativeMethodAccessorImpl.invoke0(Native Method)
	at sun.reflect.NativeMethodAccessorImpl.invoke(NativeMethodAccessorImpl.java:57)
	at sun.reflect.DelegatingMethodAccessorImpl.invoke(DelegatingMethodAccessorImpl.java:43)
	at java.lang.reflect.Method.invoke(Method.java:616)
	at eu.ist_phosphorus.harmony.common.serviceinterface.reservation.CommonReservationClient.callServer(CommonReservationClient.java:134)
	at eu.ist_phosphorus.harmony.common.serviceinterface.reservation.CommonReservationClient.isAvailable(CommonReservationClient.java:280)
	at eu.ist_phosphorus.harmony.test.adapter.uclp.webservice.TestWebservice.createAvailability(TestWebservice.java:190)
	at eu.ist_phosphorus.harmony.test.adapter.uclp.webservice.TestWebservice.testAvailability(TestWebservice.java:345)
	at sun.reflect.NativeMethodAccessorImpl.invoke0(Native Method)
	at sun.reflect.NativeMethodAccessorImpl.invoke(NativeMethodAccessorImpl.java:57)
	at sun.reflect.DelegatingMethodAccessorImpl.invoke(DelegatingMethodAccessorImpl.java:43)
	at java.lang.reflect.Method.invoke(Method.java:616)
	at org.junit.runners.model.FrameworkMethod$1.runReflectiveCall(FrameworkMethod.java:44)
	at org.junit.internal.runners.model.ReflectiveCallable.run(ReflectiveCallable.java:15)
	at org.junit.runners.model.FrameworkMethod.invokeExplosively(FrameworkMethod.java:41)
	at org.junit.internal.runners.statements.InvokeMethod.evaluate(InvokeMethod.java:20)
	at org.junit.internal.runners.statements.FailOnTimeout$1.run(FailOnTimeout.java:28)
</error>
    <system-err>eu.ist_phosphorus.harmony.common.serviceinterface.databinding.jaxb.exceptions.UnexpectedFaultException: Topology registrator must be initialized first!
	at eu.ist_phosphorus.harmony.common.serviceinterface.utils.ForwardingHelper.isForeignDomain(ForwardingHelper.java:261)
	at eu.ist_phosphorus.harmony.common.serviceinterface.utils.ForwardingHelper.isForeignRequest(ForwardingHelper.java:334)
	at eu.ist_phosphorus.harmony.common.serviceinterface.utils.ForwardingHelper.isForeignRequest(ForwardingHelper.java:382)
	at eu.ist_phosphorus.harmony.common.serviceinterface.reservation.CommonReservationHandler.invokeMethod(CommonReservationHandler.java:179)
	at eu.ist_phosphorus.harmony.common.serviceinterface.RequestHandler.runRequest(RequestHandler.java:230)
	at eu.ist_phosphorus.harmony.common.serviceinterface.RequestHandler.handle(RequestHandler.java:113)
	at eu.ist_phosphorus.harmony.adapter.uclp.webservice.ReservationWS.isAvailable(ReservationWS.java:188)
	at sun.reflect.NativeMethodAccessorImpl.invoke0(Native Method)
	at sun.reflect.NativeMethodAccessorImpl.invoke(NativeMethodAccessorImpl.java:57)
	at sun.reflect.DelegatingMethodAccessorImpl.invoke(DelegatingMethodAccessorImpl.java:43)
	at java.lang.reflect.Method.invoke(Method.java:616)
	at eu.ist_phosphorus.harmony.common.serviceinterface.reservation.CommonReservationClient.callServer(CommonReservationClient.java:134)
	at eu.ist_phosphorus.harmony.common.serviceinterface.reservation.CommonReservationClient.isAvailable(CommonReservationClient.java:280)
	at eu.ist_phosphorus.harmony.test.adapter.uclp.webservice.TestWebservice.createAvailability(TestWebservice.java:190)
	at eu.ist_phosphorus.harmony.test.adapter.uclp.webservice.TestWebservice.testAvailability(TestWebservice.java:345)
	at sun.reflect.NativeMethodAccessorImpl.invoke0(Native Method)
	at sun.reflect.NativeMethodAccessorImpl.invoke(NativeMethodAccessorImpl.java:57)
	at sun.reflect.DelegatingMethodAccessorImpl.invoke(DelegatingMethodAccessorImpl.java:43)
	at java.lang.reflect.Method.invoke(Method.java:616)
	at org.junit.runners.model.FrameworkMethod$1.runReflectiveCall(FrameworkMethod.java:44)
	at org.junit.internal.runners.model.ReflectiveCallable.run(ReflectiveCallable.java:15)
	at org.junit.runners.model.FrameworkMethod.invokeExplosively(FrameworkMethod.java:41)
	at org.junit.internal.runners.statements.InvokeMethod.evaluate(InvokeMethod.java:20)
	at org.junit.internal.runners.statements.FailOnTimeout$1.run(FailOnTimeout.java:28)
</system-err>
  </testcase>
  <testcase time="0.025" classname="eu.ist_phosphorus.harmony.test.adapter.uclp.webservice.TestWebservice" name="testCreateReservation">
    <error message="Topology registrator must be initialized first!" type="eu.ist_phosphorus.harmony.common.serviceinterface.databinding.jaxb.exceptions.UnexpectedFaultException">eu.ist_phosphorus.harmony.common.serviceinterface.databinding.jaxb.exceptions.UnexpectedFaultException: Topology registrator must be initialized first!
	at eu.ist_phosphorus.harmony.common.serviceinterface.utils.ForwardingHelper.isForeignDomain(ForwardingHelper.java:261)
	at eu.ist_phosphorus.harmony.common.serviceinterface.utils.ForwardingHelper.isForeignRequest(ForwardingHelper.java:334)
	at eu.ist_phosphorus.harmony.common.serviceinterface.utils.ForwardingHelper.isForeignRequest(ForwardingHelper.java:377)
	at eu.ist_phosphorus.harmony.common.serviceinterface.reservation.CommonReservationHandler.invokeMethod(CommonReservationHandler.java:179)
	at eu.ist_phosphorus.harmony.common.serviceinterface.RequestHandler.runRequest(RequestHandler.java:230)
	at eu.ist_phosphorus.harmony.common.serviceinterface.RequestHandler.handle(RequestHandler.java:113)
	at eu.ist_phosphorus.harmony.adapter.uclp.webservice.ReservationWS.createReservation(ReservationWS.java:121)
	at sun.reflect.NativeMethodAccessorImpl.invoke0(Native Method)
	at sun.reflect.NativeMethodAccessorImpl.invoke(NativeMethodAccessorImpl.java:57)
	at sun.reflect.DelegatingMethodAccessorImpl.invoke(DelegatingMethodAccessorImpl.java:43)
	at java.lang.reflect.Method.invoke(Method.java:616)
	at eu.ist_phosphorus.harmony.common.serviceinterface.reservation.CommonReservationClient.callServer(CommonReservationClient.java:134)
	at eu.ist_phosphorus.harmony.common.serviceinterface.reservation.CommonReservationClient.createReservation(CommonReservationClient.java:200)
	at eu.ist_phosphorus.harmony.common.serviceinterface.reservation.SimpleReservationClient.createReservation(SimpleReservationClient.java:398)
	at eu.ist_phosphorus.harmony.common.serviceinterface.reservation.SimpleReservationClient.createReservation(SimpleReservationClient.java:415)
	at eu.ist_phosphorus.harmony.common.serviceinterface.reservation.SimpleReservationClient.createReservation(SimpleReservationClient.java:449)
	at eu.ist_phosphorus.harmony.test.adapter.uclp.webservice.TestWebservice.testCreateReservation(TestWebservice.java:358)
	at sun.reflect.NativeMethodAccessorImpl.invoke0(Native Method)
	at sun.reflect.NativeMethodAccessorImpl.invoke(NativeMethodAccessorImpl.java:57)
	at sun.reflect.DelegatingMethodAccessorImpl.invoke(DelegatingMethodAccessorImpl.java:43)
	at java.lang.reflect.Method.invoke(Method.java:616)
	at org.junit.runners.model.FrameworkMethod$1.runReflectiveCall(FrameworkMethod.java:44)
	at org.junit.internal.runners.model.ReflectiveCallable.run(ReflectiveCallable.java:15)
	at org.junit.runners.model.FrameworkMethod.invokeExplosively(FrameworkMethod.java:41)
	at org.junit.internal.runners.statements.InvokeMethod.evaluate(InvokeMethod.java:20)
	at org.junit.internal.runners.statements.FailOnTimeout$1.run(FailOnTimeout.java:28)
</error>
    <system-err>eu.ist_phosphorus.harmony.common.serviceinterface.databinding.jaxb.exceptions.UnexpectedFaultException: Topology registrator must be initialized first!
	at eu.ist_phosphorus.harmony.common.serviceinterface.utils.ForwardingHelper.isForeignDomain(ForwardingHelper.java:261)
	at eu.ist_phosphorus.harmony.common.serviceinterface.utils.ForwardingHelper.isForeignRequest(ForwardingHelper.java:334)
	at eu.ist_phosphorus.harmony.common.serviceinterface.utils.ForwardingHelper.isForeignRequest(ForwardingHelper.java:377)
	at eu.ist_phosphorus.harmony.common.serviceinterface.reservation.CommonReservationHandler.invokeMethod(CommonReservationHandler.java:179)
	at eu.ist_phosphorus.harmony.common.serviceinterface.RequestHandler.runRequest(RequestHandler.java:230)
	at eu.ist_phosphorus.harmony.common.serviceinterface.RequestHandler.handle(RequestHandler.java:113)
	at eu.ist_phosphorus.harmony.adapter.uclp.webservice.ReservationWS.createReservation(ReservationWS.java:121)
	at sun.reflect.NativeMethodAccessorImpl.invoke0(Native Method)
	at sun.reflect.NativeMethodAccessorImpl.invoke(NativeMethodAccessorImpl.java:57)
	at sun.reflect.DelegatingMethodAccessorImpl.invoke(DelegatingMethodAccessorImpl.java:43)
	at java.lang.reflect.Method.invoke(Method.java:616)
	at eu.ist_phosphorus.harmony.common.serviceinterface.reservation.CommonReservationClient.callServer(CommonReservationClient.java:134)
	at eu.ist_phosphorus.harmony.common.serviceinterface.reservation.CommonReservationClient.createReservation(CommonReservationClient.java:200)
	at eu.ist_phosphorus.harmony.common.serviceinterface.reservation.SimpleReservationClient.createReservation(SimpleReservationClient.java:398)
	at eu.ist_phosphorus.harmony.common.serviceinterface.reservation.SimpleReservationClient.createReservation(SimpleReservationClient.java:415)
	at eu.ist_phosphorus.harmony.common.serviceinterface.reservation.SimpleReservationClient.createReservation(SimpleReservationClient.java:449)
	at eu.ist_phosphorus.harmony.test.adapter.uclp.webservice.TestWebservice.testCreateReservation(TestWebservice.java:358)
	at sun.reflect.NativeMethodAccessorImpl.invoke0(Native Method)
	at sun.reflect.NativeMethodAccessorImpl.invoke(NativeMethodAccessorImpl.java:57)
	at sun.reflect.DelegatingMethodAccessorImpl.invoke(DelegatingMethodAccessorImpl.java:43)
	at java.lang.reflect.Method.invoke(Method.java:616)
	at org.junit.runners.model.FrameworkMethod$1.runReflectiveCall(FrameworkMethod.java:44)
	at org.junit.internal.runners.model.ReflectiveCallable.run(ReflectiveCallable.java:15)
	at org.junit.runners.model.FrameworkMethod.invokeExplosively(FrameworkMethod.java:41)
	at org.junit.internal.runners.statements.InvokeMethod.evaluate(InvokeMethod.java:20)
	at org.junit.internal.runners.statements.FailOnTimeout$1.run(FailOnTimeout.java:28)
</system-err>
  </testcase>
  <testcase time="0.017" classname="eu.ist_phosphorus.harmony.test.adapter.uclp.webservice.TestWebservice" name="testActivateReservation">
    <error message="AbstractTopologyRegistrator has to be Instanciated before forwarding Requests!" type="eu.ist_phosphorus.harmony.common.serviceinterface.databinding.jaxb.exceptions.UnexpectedFaultException">eu.ist_phosphorus.harmony.common.serviceinterface.databinding.jaxb.exceptions.UnexpectedFaultException: AbstractTopologyRegistrator has to be Instanciated before forwarding Requests!
	at eu.ist_phosphorus.harmony.common.serviceinterface.utils.ForwardingHelper.getLocalDomain(ForwardingHelper.java:141)
	at eu.ist_phosphorus.harmony.common.serviceinterface.utils.ForwardingHelper.getSuffix(ForwardingHelper.java:217)
	at eu.ist_phosphorus.harmony.common.serviceinterface.utils.ForwardingHelper.isForeignRequest(ForwardingHelper.java:386)
	at eu.ist_phosphorus.harmony.common.serviceinterface.reservation.CommonReservationHandler.invokeMethod(CommonReservationHandler.java:179)
	at eu.ist_phosphorus.harmony.common.serviceinterface.RequestHandler.runRequest(RequestHandler.java:230)
	at eu.ist_phosphorus.harmony.common.serviceinterface.RequestHandler.handle(RequestHandler.java:113)
	at eu.ist_phosphorus.harmony.adapter.uclp.webservice.ReservationWS.activate(ReservationWS.java:54)
	at sun.reflect.NativeMethodAccessorImpl.invoke0(Native Method)
	at sun.reflect.NativeMethodAccessorImpl.invoke(NativeMethodAccessorImpl.java:57)
	at sun.reflect.DelegatingMethodAccessorImpl.invoke(DelegatingMethodAccessorImpl.java:43)
	at java.lang.reflect.Method.invoke(Method.java:616)
	at eu.ist_phosphorus.harmony.common.serviceinterface.reservation.CommonReservationClient.callServer(CommonReservationClient.java:134)
	at eu.ist_phosphorus.harmony.common.serviceinterface.reservation.CommonReservationClient.activate(CommonReservationClient.java:104)
	at eu.ist_phosphorus.harmony.test.adapter.uclp.webservice.TestWebservice.createActivate(TestWebservice.java:242)
	at eu.ist_phosphorus.harmony.test.adapter.uclp.webservice.TestWebservice.testActivateReservation(TestWebservice.java:375)
	at sun.reflect.NativeMethodAccessorImpl.invoke0(Native Method)
	at sun.reflect.NativeMethodAccessorImpl.invoke(NativeMethodAccessorImpl.java:57)
	at sun.reflect.DelegatingMethodAccessorImpl.invoke(DelegatingMethodAccessorImpl.java:43)
	at java.lang.reflect.Method.invoke(Method.java:616)
	at org.junit.runners.model.FrameworkMethod$1.runReflectiveCall(FrameworkMethod.java:44)
	at org.junit.internal.runners.model.ReflectiveCallable.run(ReflectiveCallable.java:15)
	at org.junit.runners.model.FrameworkMethod.invokeExplosively(FrameworkMethod.java:41)
	at org.junit.internal.runners.statements.InvokeMethod.evaluate(InvokeMethod.java:20)
	at org.junit.internal.runners.statements.FailOnTimeout$1.run(FailOnTimeout.java:28)
</error>
    <system-err>eu.ist_phosphorus.harmony.common.serviceinterface.databinding.jaxb.exceptions.UnexpectedFaultException: AbstractTopologyRegistrator has to be Instanciated before forwarding Requests!
	at eu.ist_phosphorus.harmony.common.serviceinterface.utils.ForwardingHelper.getLocalDomain(ForwardingHelper.java:141)
	at eu.ist_phosphorus.harmony.common.serviceinterface.utils.ForwardingHelper.getSuffix(ForwardingHelper.java:217)
	at eu.ist_phosphorus.harmony.common.serviceinterface.utils.ForwardingHelper.isForeignRequest(ForwardingHelper.java:386)
	at eu.ist_phosphorus.harmony.common.serviceinterface.reservation.CommonReservationHandler.invokeMethod(CommonReservationHandler.java:179)
	at eu.ist_phosphorus.harmony.common.serviceinterface.RequestHandler.runRequest(RequestHandler.java:230)
	at eu.ist_phosphorus.harmony.common.serviceinterface.RequestHandler.handle(RequestHandler.java:113)
	at eu.ist_phosphorus.harmony.adapter.uclp.webservice.ReservationWS.activate(ReservationWS.java:54)
	at sun.reflect.NativeMethodAccessorImpl.invoke0(Native Method)
	at sun.reflect.NativeMethodAccessorImpl.invoke(NativeMethodAccessorImpl.java:57)
	at sun.reflect.DelegatingMethodAccessorImpl.invoke(DelegatingMethodAccessorImpl.java:43)
	at java.lang.reflect.Method.invoke(Method.java:616)
	at eu.ist_phosphorus.harmony.common.serviceinterface.reservation.CommonReservationClient.callServer(CommonReservationClient.java:134)
	at eu.ist_phosphorus.harmony.common.serviceinterface.reservation.CommonReservationClient.activate(CommonReservationClient.java:104)
	at eu.ist_phosphorus.harmony.test.adapter.uclp.webservice.TestWebservice.createActivate(TestWebservice.java:242)
	at eu.ist_phosphorus.harmony.test.adapter.uclp.webservice.TestWebservice.testActivateReservation(TestWebservice.java:375)
	at sun.reflect.NativeMethodAccessorImpl.invoke0(Native Method)
	at sun.reflect.NativeMethodAccessorImpl.invoke(NativeMethodAccessorImpl.java:57)
	at sun.reflect.DelegatingMethodAccessorImpl.invoke(DelegatingMethodAccessorImpl.java:43)
	at java.lang.reflect.Method.invoke(Method.java:616)
	at org.junit.runners.model.FrameworkMethod$1.runReflectiveCall(FrameworkMethod.java:44)
	at org.junit.internal.runners.model.ReflectiveCallable.run(ReflectiveCallable.java:15)
	at org.junit.runners.model.FrameworkMethod.invokeExplosively(FrameworkMethod.java:41)
	at org.junit.internal.runners.statements.InvokeMethod.evaluate(InvokeMethod.java:20)
	at org.junit.internal.runners.statements.FailOnTimeout$1.run(FailOnTimeout.java:28)
</system-err>
  </testcase>
  <testcase time="0.011" classname="eu.ist_phosphorus.harmony.test.adapter.uclp.webservice.TestWebservice" name="testCancelReservation">
    <error message="AbstractTopologyRegistrator has to be Instanciated before forwarding Requests!" type="eu.ist_phosphorus.harmony.common.serviceinterface.databinding.jaxb.exceptions.UnexpectedFaultException">eu.ist_phosphorus.harmony.common.serviceinterface.databinding.jaxb.exceptions.UnexpectedFaultException: AbstractTopologyRegistrator has to be Instanciated before forwarding Requests!
	at eu.ist_phosphorus.harmony.common.serviceinterface.utils.ForwardingHelper.getLocalDomain(ForwardingHelper.java:141)
	at eu.ist_phosphorus.harmony.common.serviceinterface.utils.ForwardingHelper.getSuffix(ForwardingHelper.java:217)
	at eu.ist_phosphorus.harmony.common.serviceinterface.utils.ForwardingHelper.isForeignRequest(ForwardingHelper.java:386)
	at eu.ist_phosphorus.harmony.common.serviceinterface.reservation.CommonReservationHandler.invokeMethod(CommonReservationHandler.java:179)
	at eu.ist_phosphorus.harmony.common.serviceinterface.RequestHandler.runRequest(RequestHandler.java:230)
	at eu.ist_phosphorus.harmony.common.serviceinterface.RequestHandler.handle(RequestHandler.java:113)
	at eu.ist_phosphorus.harmony.adapter.uclp.webservice.ReservationWS.cancelReservation(ReservationWS.java:94)
	at sun.reflect.NativeMethodAccessorImpl.invoke0(Native Method)
	at sun.reflect.NativeMethodAccessorImpl.invoke(NativeMethodAccessorImpl.java:57)
	at sun.reflect.DelegatingMethodAccessorImpl.invoke(DelegatingMethodAccessorImpl.java:43)
	at java.lang.reflect.Method.invoke(Method.java:616)
	at eu.ist_phosphorus.harmony.common.serviceinterface.reservation.CommonReservationClient.callServer(CommonReservationClient.java:134)
	at eu.ist_phosphorus.harmony.common.serviceinterface.reservation.CommonReservationClient.cancelReservation(CommonReservationClient.java:173)
	at eu.ist_phosphorus.harmony.test.adapter.uclp.webservice.TestWebservice.cancelReservation(TestWebservice.java:268)
	at eu.ist_phosphorus.harmony.test.adapter.uclp.webservice.TestWebservice.testCancelReservation(TestWebservice.java:387)
	at sun.reflect.NativeMethodAccessorImpl.invoke0(Native Method)
	at sun.reflect.NativeMethodAccessorImpl.invoke(NativeMethodAccessorImpl.java:57)
	at sun.reflect.DelegatingMethodAccessorImpl.invoke(DelegatingMethodAccessorImpl.java:43)
	at java.lang.reflect.Method.invoke(Method.java:616)
	at org.junit.runners.model.FrameworkMethod$1.runReflectiveCall(FrameworkMethod.java:44)
	at org.junit.internal.runners.model.ReflectiveCallable.run(ReflectiveCallable.java:15)
	at org.junit.runners.model.FrameworkMethod.invokeExplosively(FrameworkMethod.java:41)
	at org.junit.internal.runners.statements.InvokeMethod.evaluate(InvokeMethod.java:20)
	at org.junit.internal.runners.statements.FailOnTimeout$1.run(FailOnTimeout.java:28)
</error>
    <system-err>eu.ist_phosphorus.harmony.common.serviceinterface.databinding.jaxb.exceptions.UnexpectedFaultException: AbstractTopologyRegistrator has to be Instanciated before forwarding Requests!
	at eu.ist_phosphorus.harmony.common.serviceinterface.utils.ForwardingHelper.getLocalDomain(ForwardingHelper.java:141)
	at eu.ist_phosphorus.harmony.common.serviceinterface.utils.ForwardingHelper.getSuffix(ForwardingHelper.java:217)
	at eu.ist_phosphorus.harmony.common.serviceinterface.utils.ForwardingHelper.isForeignRequest(ForwardingHelper.java:386)
	at eu.ist_phosphorus.harmony.common.serviceinterface.reservation.CommonReservationHandler.invokeMethod(CommonReservationHandler.java:179)
	at eu.ist_phosphorus.harmony.common.serviceinterface.RequestHandler.runRequest(RequestHandler.java:230)
	at eu.ist_phosphorus.harmony.common.serviceinterface.RequestHandler.handle(RequestHandler.java:113)
	at eu.ist_phosphorus.harmony.adapter.uclp.webservice.ReservationWS.cancelReservation(ReservationWS.java:94)
	at sun.reflect.NativeMethodAccessorImpl.invoke0(Native Method)
	at sun.reflect.NativeMethodAccessorImpl.invoke(NativeMethodAccessorImpl.java:57)
	at sun.reflect.DelegatingMethodAccessorImpl.invoke(DelegatingMethodAccessorImpl.java:43)
	at java.lang.reflect.Method.invoke(Method.java:616)
	at eu.ist_phosphorus.harmony.common.serviceinterface.reservation.CommonReservationClient.callServer(CommonReservationClient.java:134)
	at eu.ist_phosphorus.harmony.common.serviceinterface.reservation.CommonReservationClient.cancelReservation(CommonReservationClient.java:173)
	at eu.ist_phosphorus.harmony.test.adapter.uclp.webservice.TestWebservice.cancelReservation(TestWebservice.java:268)
	at eu.ist_phosphorus.harmony.test.adapter.uclp.webservice.TestWebservice.testCancelReservation(TestWebservice.java:387)
	at sun.reflect.NativeMethodAccessorImpl.invoke0(Native Method)
	at sun.reflect.NativeMethodAccessorImpl.invoke(NativeMethodAccessorImpl.java:57)
	at sun.reflect.DelegatingMethodAccessorImpl.invoke(DelegatingMethodAccessorImpl.java:43)
	at java.lang.reflect.Method.invoke(Method.java:616)
	at org.junit.runners.model.FrameworkMethod$1.runReflectiveCall(FrameworkMethod.java:44)
	at org.junit.internal.runners.model.ReflectiveCallable.run(ReflectiveCallable.java:15)
	at org.junit.runners.model.FrameworkMethod.invokeExplosively(FrameworkMethod.java:41)
	at org.junit.internal.runners.statements.InvokeMethod.evaluate(InvokeMethod.java:20)
	at org.junit.internal.runners.statements.FailOnTimeout$1.run(FailOnTimeout.java:28)
</system-err>
  </testcase>
  <testcase time="0.016" classname="eu.ist_phosphorus.harmony.test.adapter.uclp.webservice.TestWebservice" name="testUnimplementedMethod">
    <error message="Unexpected exception, expected&lt;eu.ist_phosphorus.harmony.common.serviceinterface.databinding.jaxb.exceptions.OperationNotSupportedFaultException&gt; but was&lt;eu.ist_phosphorus.harmony.common.serviceinterface.databinding.jaxb.exceptions.UnexpectedFaultException&gt;" type="java.lang.Exception">java.lang.Exception: Unexpected exception, expected&lt;eu.ist_phosphorus.harmony.common.serviceinterface.databinding.jaxb.exceptions.OperationNotSupportedFaultException&gt; but was&lt;eu.ist_phosphorus.harmony.common.serviceinterface.databinding.jaxb.exceptions.UnexpectedFaultException&gt;
	at org.junit.internal.runners.statements.ExpectException.evaluate(ExpectException.java:28)
	at org.junit.internal.runners.statements.FailOnTimeout$1.run(FailOnTimeout.java:28)
Caused by: eu.ist_phosphorus.harmony.common.serviceinterface.databinding.jaxb.exceptions.UnexpectedFaultException: AbstractTopologyRegistrator has to be Instanciated before forwarding Requests!
	at eu.ist_phosphorus.harmony.common.serviceinterface.utils.ForwardingHelper.getLocalDomain(ForwardingHelper.java:141)
	at eu.ist_phosphorus.harmony.common.serviceinterface.utils.ForwardingHelper.getSuffix(ForwardingHelper.java:217)
	at eu.ist_phosphorus.harmony.common.serviceinterface.utils.ForwardingHelper.isForeignRequest(ForwardingHelper.java:386)
	at eu.ist_phosphorus.harmony.common.serviceinterface.reservation.CommonReservationHandler.invokeMethod(CommonReservationHandler.java:179)
	at eu.ist_phosphorus.harmony.common.serviceinterface.RequestHandler.runRequest(RequestHandler.java:230)
	at eu.ist_phosphorus.harmony.common.serviceinterface.RequestHandler.handle(RequestHandler.java:113)
	at eu.ist_phosphorus.harmony.adapter.uclp.webservice.ReservationWS.bind(ReservationWS.java:67)
	at sun.reflect.NativeMethodAccessorImpl.invoke0(Native Method)
	at sun.reflect.NativeMethodAccessorImpl.invoke(NativeMethodAccessorImpl.java:57)
	at sun.reflect.DelegatingMethodAccessorImpl.invoke(DelegatingMethodAccessorImpl.java:43)
	at java.lang.reflect.Method.invoke(Method.java:616)
	at eu.ist_phosphorus.harmony.common.serviceinterface.reservation.CommonReservationClient.callServer(CommonReservationClient.java:134)
	at eu.ist_phosphorus.harmony.common.serviceinterface.reservation.CommonReservationClient.bind(CommonReservationClient.java:118)
	at eu.ist_phosphorus.harmony.common.serviceinterface.reservation.SimpleReservationClient.bind(SimpleReservationClient.java:279)
	at eu.ist_phosphorus.harmony.test.adapter.uclp.webservice.TestWebservice.testUnimplementedMethod(TestWebservice.java:400)
	at sun.reflect.NativeMethodAccessorImpl.invoke0(Native Method)
	at sun.reflect.NativeMethodAccessorImpl.invoke(NativeMethodAccessorImpl.java:57)
	at sun.reflect.DelegatingMethodAccessorImpl.invoke(DelegatingMethodAccessorImpl.java:43)
	at java.lang.reflect.Method.invoke(Method.java:616)
	at org.junit.runners.model.FrameworkMethod$1.runReflectiveCall(FrameworkMethod.java:44)
	at org.junit.internal.runners.model.ReflectiveCallable.run(ReflectiveCallable.java:15)
	at org.junit.runners.model.FrameworkMethod.invokeExplosively(FrameworkMethod.java:41)
	at org.junit.internal.runners.statements.InvokeMethod.evaluate(InvokeMethod.java:20)
	at org.junit.internal.runners.statements.ExpectException.evaluate(ExpectException.java:21)
	... 1 more
</error>
    <system-err>eu.ist_phosphorus.harmony.common.serviceinterface.databinding.jaxb.exceptions.UnexpectedFaultException: AbstractTopologyRegistrator has to be Instanciated before forwarding Requests!
	at eu.ist_phosphorus.harmony.common.serviceinterface.utils.ForwardingHelper.getLocalDomain(ForwardingHelper.java:141)
	at eu.ist_phosphorus.harmony.common.serviceinterface.utils.ForwardingHelper.getSuffix(ForwardingHelper.java:217)
	at eu.ist_phosphorus.harmony.common.serviceinterface.utils.ForwardingHelper.isForeignRequest(ForwardingHelper.java:386)
	at eu.ist_phosphorus.harmony.common.serviceinterface.reservation.CommonReservationHandler.invokeMethod(CommonReservationHandler.java:179)
	at eu.ist_phosphorus.harmony.common.serviceinterface.RequestHandler.runRequest(RequestHandler.java:230)
	at eu.ist_phosphorus.harmony.common.serviceinterface.RequestHandler.handle(RequestHandler.java:113)
	at eu.ist_phosphorus.harmony.adapter.uclp.webservice.ReservationWS.bind(ReservationWS.java:67)
	at sun.reflect.NativeMethodAccessorImpl.invoke0(Native Method)
	at sun.reflect.NativeMethodAccessorImpl.invoke(NativeMethodAccessorImpl.java:57)
	at sun.reflect.DelegatingMethodAccessorImpl.invoke(DelegatingMethodAccessorImpl.java:43)
	at java.lang.reflect.Method.invoke(Method.java:616)
	at eu.ist_phosphorus.harmony.common.serviceinterface.reservation.CommonReservationClient.callServer(CommonReservationClient.java:134)
	at eu.ist_phosphorus.harmony.common.serviceinterface.reservation.CommonReservationClient.bind(CommonReservationClient.java:118)
	at eu.ist_phosphorus.harmony.common.serviceinterface.reservation.SimpleReservationClient.bind(SimpleReservationClient.java:279)
	at eu.ist_phosphorus.harmony.test.adapter.uclp.webservice.TestWebservice.testUnimplementedMethod(TestWebservice.java:400)
	at sun.reflect.NativeMethodAccessorImpl.invoke0(Native Method)
	at sun.reflect.NativeMethodAccessorImpl.invoke(NativeMethodAccessorImpl.java:57)
	at sun.reflect.DelegatingMethodAccessorImpl.invoke(DelegatingMethodAccessorImpl.java:43)
	at java.lang.reflect.Method.invoke(Method.java:616)
	at org.junit.runners.model.FrameworkMethod$1.runReflectiveCall(FrameworkMethod.java:44)
	at org.junit.internal.runners.model.ReflectiveCallable.run(ReflectiveCallable.java:15)
	at org.junit.runners.model.FrameworkMethod.invokeExplosively(FrameworkMethod.java:41)
	at org.junit.internal.runners.statements.InvokeMethod.evaluate(InvokeMethod.java:20)
	at org.junit.internal.runners.statements.ExpectException.evaluate(ExpectException.java:21)
	at org.junit.internal.runners.statements.FailOnTimeout$1.run(FailOnTimeout.java:28)
</system-err>
  </testcase>
</testsuite>