<?xml version="1.0" encoding="UTF-8" ?>
<testsuite failures="0" time="0.278" errors="0" skipped="0" tests="3" name="eu.ist_phosphorus.harmony.test.adapter.arrm.webservice.TestReservationWS">
  <properties>
    <property name="java.runtime.name" value="OpenJDK Runtime Environment"/>
    <property name="sun.boot.library.path" value="/usr/lib/jvm/java-6-openjdk/jre/lib/amd64"/>
    <property name="java.vm.version" value="20.0-b11"/>
    <property name="java.vm.vendor" value="Sun Microsystems Inc."/>
    <property name="java.vendor.url" value="http://java.sun.com/"/>
    <property name="path.separator" value=":"/>
    <property name="java.vm.name" value="OpenJDK 64-Bit Server VM"/>
    <property name="file.encoding.pkg" value="sun.io"/>
    <property name="user.country" value="US"/>
    <property name="sun.java.launcher" value="SUN_STANDARD"/>
    <property name="sun.os.patch.level" value="unknown"/>
    <property name="java.vm.specification.name" value="Java Virtual Machine Specification"/>
    <property name="user.dir" value="/home/santiago/projects/harmony/ist-phosphours-wp1.harmony.src/harmony.adapter.arrm"/>
    <property name="java.runtime.version" value="1.6.0_22-b22"/>
    <property name="java.awt.graphicsenv" value="sun.awt.X11GraphicsEnvironment"/>
    <property name="basedir" value="/home/santiago/projects/harmony/ist-phosphours-wp1.harmony.src/harmony.adapter.arrm"/>
    <property name="java.endorsed.dirs" value="/usr/lib/jvm/java-6-openjdk/jre/lib/endorsed"/>
    <property name="os.arch" value="amd64"/>
    <property name="surefire.real.class.path" value="/tmp/surefirebooter8760869811764898103.jar"/>
    <property name="java.io.tmpdir" value="/tmp"/>
    <property name="line.separator" value="
"/>
    <property name="java.vm.specification.vendor" value="Sun Microsystems Inc."/>
    <property name="os.name" value="Linux"/>
    <property name="sun.jnu.encoding" value="UTF-8"/>
    <property name="java.library.path" value="/usr/lib/jvm/java-6-openjdk/jre/lib/amd64/server:/usr/lib/jvm/java-6-openjdk/jre/lib/amd64:/usr/lib/jvm/java-6-openjdk/jre/../lib/amd64:/usr/java/packages/lib/amd64:/usr/lib/x86_64-linux-gnu/jni:/lib/x86_64-linux-gnu:/usr/lib/x86_64-linux-gnu:/usr/lib/jni:/lib:/usr/lib"/>
    <property name="surefire.test.class.path" value="/home/santiago/projects/harmony/ist-phosphours-wp1.harmony.src/harmony.adapter.arrm/target/test-classes:/home/santiago/projects/harmony/ist-phosphours-wp1.harmony.src/harmony.adapter.arrm/target/classes:/home/santiago/.m2/repository/commons-logging/commons-logging/1.1.1/commons-logging-1.1.1.jar:/home/santiago/.m2/repository/junit/junit/4.4/junit-4.4.jar:/home/santiago/.m2/repository/log4j/log4j/1.2.15/log4j-1.2.15.jar:/home/santiago/.m2/repository/javax/mail/mail/1.4.4/mail-1.4.4.jar:/home/santiago/.m2/repository/javax/activation/activation/1.1/activation-1.1.jar:/home/santiago/.m2/repository/javax/jms/jms/1.1/jms-1.1.jar:/home/santiago/.m2/repository/com/mockrunner/mockrunner-jdk1.5-j2ee1.3/0.4/mockrunner-jdk1.5-j2ee1.3-0.4.jar:/home/santiago/.m2/repository/commons-beanutils/commons-beanutils/1.7.0/commons-beanutils-1.7.0.jar:/home/santiago/.m2/repository/commons-digester/commons-digester/1.8/commons-digester-1.8.jar:/home/santiago/.m2/repository/commons-validator/commons-validator/1.3.1/commons-validator-1.3.1.jar:/home/santiago/.m2/repository/oro/oro/2.0.8/oro-2.0.8.jar:/home/santiago/.m2/repository/jdom/jdom/1.0/jdom-1.0.jar:/home/santiago/.m2/repository/org/mockejb/mockejb/0.6-beta2/mockejb-0.6-beta2.jar:/home/santiago/.m2/repository/cglib/cglib-full/2.0.2/cglib-full-2.0.2.jar:/home/santiago/.m2/repository/nekohtml/nekohtml/0.9.5/nekohtml-0.9.5.jar:/home/santiago/.m2/repository/xerces/xercesImpl/2.9.0/xercesImpl-2.9.0.jar:/home/santiago/.m2/repository/javax/servlet/servlet-api/2.3/servlet-api-2.3.jar:/home/santiago/.m2/repository/struts/struts/1.2.9/struts-1.2.9.jar:/home/santiago/.m2/repository/commons-fileupload/commons-fileupload/1.2/commons-fileupload-1.2.jar:/home/santiago/.m2/repository/antlr/antlr/2.7.2/antlr-2.7.2.jar:/home/santiago/.m2/repository/xalan/xalan/2.7.0/xalan-2.7.0.jar:/home/santiago/.m2/repository/xml-apis/xml-apis/1.3.04/xml-apis-1.3.04.jar:/home/santiago/.m2/repository/stax/stax-api/1.0.1/stax-api-1.0.1.jar:/home/santiago/.m2/repository/org/bluestemsoftware/open/maven/tparty/xerces-impl/2.9.0/xerces-impl-2.9.0.jar:/home/santiago/.m2/repository/wsdl4j/wsdl4j/1.6.2/wsdl4j-1.6.2.jar:/home/santiago/.m2/repository/dnsjava/dnsjava/2.1.1/dnsjava-2.1.1.jar:/home/santiago/.m2/repository/org/mortbay/jetty/servlet-api/2.5.20110712/servlet-api-2.5.20110712.jar:/home/santiago/.m2/repository/org/apache/axis2/axis2-kernel/1.4/axis2-kernel-1.4.jar:/home/santiago/.m2/repository/commons-httpclient/commons-httpclient/3.1/commons-httpclient-3.1.jar:/home/santiago/.m2/repository/commons-codec/commons-codec/1.2/commons-codec-1.2.jar:/home/santiago/.m2/repository/org/apache/httpcomponents/httpcore/4.0-beta1/httpcore-4.0-beta1.jar:/home/santiago/.m2/repository/org/apache/httpcomponents/httpcore-nio/4.0-beta1/httpcore-nio-4.0-beta1.jar:/home/santiago/.m2/repository/backport-util-concurrent/backport-util-concurrent/3.1/backport-util-concurrent-3.1.jar:/home/santiago/.m2/repository/org/codehaus/woodstox/wstx-asl/3.2.4/wstx-asl-3.2.4.jar:/home/santiago/.m2/repository/org/apache/ws/commons/schema/XmlSchema/1.4.2/XmlSchema-1.4.2.jar:/home/santiago/.m2/repository/org/apache/neethi/neethi/2.0.4/neethi-2.0.4.jar:/home/santiago/.m2/repository/org/apache/ws/commons/axiom/axiom-api/1.2.7/axiom-api-1.2.7.jar:/home/santiago/.m2/repository/org/apache/geronimo/specs/geronimo-activation_1.1_spec/1.0.1/geronimo-activation_1.1_spec-1.0.1.jar:/home/santiago/.m2/repository/org/apache/geronimo/specs/geronimo-javamail_1.4_spec/1.2/geronimo-javamail_1.4_spec-1.2.jar:/home/santiago/.m2/repository/jaxen/jaxen/1.1.1/jaxen-1.1.1.jar:/home/santiago/.m2/repository/org/apache/geronimo/specs/geronimo-stax-api_1.0_spec/1.0.1/geronimo-stax-api_1.0_spec-1.0.1.jar:/home/santiago/.m2/repository/org/apache/ws/commons/axiom/axiom-impl/1.2.7/axiom-impl-1.2.7.jar:/home/santiago/.m2/repository/org/apache/woden/woden-api/1.0M8/woden-api-1.0M8.jar:/home/santiago/.m2/repository/org/apache/ant/ant/1.7.0/ant-1.7.0.jar:/home/santiago/.m2/repository/org/apache/ant/ant-launcher/1.7.0/ant-launcher-1.7.0.jar:/home/santiago/.m2/repository/xerces/xmlParserAPIs/2.6.0/xmlParserAPIs-2.6.0.jar:/home/santiago/.m2/repository/org/apache/woden/woden-impl-dom/1.0M8/woden-impl-dom-1.0M8.jar:/home/santiago/.m2/repository/annogen/annogen/0.1.0/annogen-0.1.0.jar:/home/santiago/.m2/repository/org/apache/geronimo/specs/geronimo-jms_1.1_spec/1.1/geronimo-jms_1.1_spec-1.1.jar:/home/santiago/.m2/repository/org/apache/ws/commons/axiom/axiom-dom/1.2.7/axiom-dom-1.2.7.jar:/home/santiago/.m2/repository/commons-io/commons-io/1.4/commons-io-1.4.jar:/home/santiago/.m2/repository/org/apache/axis2/axis2-adb/1.4/axis2-adb-1.4.jar:/home/santiago/.m2/repository/org/apache/ws/schema/XmlSchema/1.4.2/XmlSchema-1.4.2.jar:/home/santiago/.m2/repository/woodstox/wstx-asl/3.2.4/wstx-asl-3.2.4.jar:/home/santiago/.m2/repository/org/apache/muse/muse-platform-mini/2.2.0/muse-platform-mini-2.2.0.jar:/home/santiago/projects/harmony/ist-phosphours-wp1.harmony.src/harmony.common.utils/target/classes:/home/santiago/.m2/repository/org/apache/muse/muse-complete/2.2.0/muse-complete-2.2.0.jar:/home/santiago/.m2/repository/org/apache/muse/muse-tools/2.2.0/muse-tools-2.2.0.jar:/home/santiago/.m2/repository/eu/ist_phosphorus/harmony/common-serviceinterface/1/common-serviceinterface-1.jar:"/>
    <property name="java.specification.name" value="Java Platform API Specification"/>
    <property name="java.class.version" value="50.0"/>
    <property name="sun.management.compiler" value="HotSpot 64-Bit Tiered Compilers"/>
    <property name="os.version" value="2.6.38-13-generic"/>
    <property name="user.home" value="/home/santiago"/>
    <property name="user.timezone" value="Europe/Madrid"/>
    <property name="java.awt.printerjob" value="sun.print.PSPrinterJob"/>
    <property name="file.encoding" value="UTF-8"/>
    <property name="java.specification.version" value="1.6"/>
    <property name="user.name" value="santiago"/>
    <property name="java.class.path" value="/home/santiago/projects/harmony/ist-phosphours-wp1.harmony.src/harmony.adapter.arrm/target/test-classes:/home/santiago/projects/harmony/ist-phosphours-wp1.harmony.src/harmony.adapter.arrm/target/classes:/home/santiago/.m2/repository/commons-logging/commons-logging/1.1.1/commons-logging-1.1.1.jar:/home/santiago/.m2/repository/junit/junit/4.4/junit-4.4.jar:/home/santiago/.m2/repository/log4j/log4j/1.2.15/log4j-1.2.15.jar:/home/santiago/.m2/repository/javax/mail/mail/1.4.4/mail-1.4.4.jar:/home/santiago/.m2/repository/javax/activation/activation/1.1/activation-1.1.jar:/home/santiago/.m2/repository/javax/jms/jms/1.1/jms-1.1.jar:/home/santiago/.m2/repository/com/mockrunner/mockrunner-jdk1.5-j2ee1.3/0.4/mockrunner-jdk1.5-j2ee1.3-0.4.jar:/home/santiago/.m2/repository/commons-beanutils/commons-beanutils/1.7.0/commons-beanutils-1.7.0.jar:/home/santiago/.m2/repository/commons-digester/commons-digester/1.8/commons-digester-1.8.jar:/home/santiago/.m2/repository/commons-validator/commons-validator/1.3.1/commons-validator-1.3.1.jar:/home/santiago/.m2/repository/oro/oro/2.0.8/oro-2.0.8.jar:/home/santiago/.m2/repository/jdom/jdom/1.0/jdom-1.0.jar:/home/santiago/.m2/repository/org/mockejb/mockejb/0.6-beta2/mockejb-0.6-beta2.jar:/home/santiago/.m2/repository/cglib/cglib-full/2.0.2/cglib-full-2.0.2.jar:/home/santiago/.m2/repository/nekohtml/nekohtml/0.9.5/nekohtml-0.9.5.jar:/home/santiago/.m2/repository/xerces/xercesImpl/2.9.0/xercesImpl-2.9.0.jar:/home/santiago/.m2/repository/javax/servlet/servlet-api/2.3/servlet-api-2.3.jar:/home/santiago/.m2/repository/struts/struts/1.2.9/struts-1.2.9.jar:/home/santiago/.m2/repository/commons-fileupload/commons-fileupload/1.2/commons-fileupload-1.2.jar:/home/santiago/.m2/repository/antlr/antlr/2.7.2/antlr-2.7.2.jar:/home/santiago/.m2/repository/xalan/xalan/2.7.0/xalan-2.7.0.jar:/home/santiago/.m2/repository/xml-apis/xml-apis/1.3.04/xml-apis-1.3.04.jar:/home/santiago/.m2/repository/stax/stax-api/1.0.1/stax-api-1.0.1.jar:/home/santiago/.m2/repository/org/bluestemsoftware/open/maven/tparty/xerces-impl/2.9.0/xerces-impl-2.9.0.jar:/home/santiago/.m2/repository/wsdl4j/wsdl4j/1.6.2/wsdl4j-1.6.2.jar:/home/santiago/.m2/repository/dnsjava/dnsjava/2.1.1/dnsjava-2.1.1.jar:/home/santiago/.m2/repository/org/mortbay/jetty/servlet-api/2.5.20110712/servlet-api-2.5.20110712.jar:/home/santiago/.m2/repository/org/apache/axis2/axis2-kernel/1.4/axis2-kernel-1.4.jar:/home/santiago/.m2/repository/commons-httpclient/commons-httpclient/3.1/commons-httpclient-3.1.jar:/home/santiago/.m2/repository/commons-codec/commons-codec/1.2/commons-codec-1.2.jar:/home/santiago/.m2/repository/org/apache/httpcomponents/httpcore/4.0-beta1/httpcore-4.0-beta1.jar:/home/santiago/.m2/repository/org/apache/httpcomponents/httpcore-nio/4.0-beta1/httpcore-nio-4.0-beta1.jar:/home/santiago/.m2/repository/backport-util-concurrent/backport-util-concurrent/3.1/backport-util-concurrent-3.1.jar:/home/santiago/.m2/repository/org/codehaus/woodstox/wstx-asl/3.2.4/wstx-asl-3.2.4.jar:/home/santiago/.m2/repository/org/apache/ws/commons/schema/XmlSchema/1.4.2/XmlSchema-1.4.2.jar:/home/santiago/.m2/repository/org/apache/neethi/neethi/2.0.4/neethi-2.0.4.jar:/home/santiago/.m2/repository/org/apache/ws/commons/axiom/axiom-api/1.2.7/axiom-api-1.2.7.jar:/home/santiago/.m2/repository/org/apache/geronimo/specs/geronimo-activation_1.1_spec/1.0.1/geronimo-activation_1.1_spec-1.0.1.jar:/home/santiago/.m2/repository/org/apache/geronimo/specs/geronimo-javamail_1.4_spec/1.2/geronimo-javamail_1.4_spec-1.2.jar:/home/santiago/.m2/repository/jaxen/jaxen/1.1.1/jaxen-1.1.1.jar:/home/santiago/.m2/repository/org/apache/geronimo/specs/geronimo-stax-api_1.0_spec/1.0.1/geronimo-stax-api_1.0_spec-1.0.1.jar:/home/santiago/.m2/repository/org/apache/ws/commons/axiom/axiom-impl/1.2.7/axiom-impl-1.2.7.jar:/home/santiago/.m2/repository/org/apache/woden/woden-api/1.0M8/woden-api-1.0M8.jar:/home/santiago/.m2/repository/org/apache/ant/ant/1.7.0/ant-1.7.0.jar:/home/santiago/.m2/repository/org/apache/ant/ant-launcher/1.7.0/ant-launcher-1.7.0.jar:/home/santiago/.m2/repository/xerces/xmlParserAPIs/2.6.0/xmlParserAPIs-2.6.0.jar:/home/santiago/.m2/repository/org/apache/woden/woden-impl-dom/1.0M8/woden-impl-dom-1.0M8.jar:/home/santiago/.m2/repository/annogen/annogen/0.1.0/annogen-0.1.0.jar:/home/santiago/.m2/repository/org/apache/geronimo/specs/geronimo-jms_1.1_spec/1.1/geronimo-jms_1.1_spec-1.1.jar:/home/santiago/.m2/repository/org/apache/ws/commons/axiom/axiom-dom/1.2.7/axiom-dom-1.2.7.jar:/home/santiago/.m2/repository/commons-io/commons-io/1.4/commons-io-1.4.jar:/home/santiago/.m2/repository/org/apache/axis2/axis2-adb/1.4/axis2-adb-1.4.jar:/home/santiago/.m2/repository/org/apache/ws/schema/XmlSchema/1.4.2/XmlSchema-1.4.2.jar:/home/santiago/.m2/repository/woodstox/wstx-asl/3.2.4/wstx-asl-3.2.4.jar:/home/santiago/.m2/repository/org/apache/muse/muse-platform-mini/2.2.0/muse-platform-mini-2.2.0.jar:/home/santiago/projects/harmony/ist-phosphours-wp1.harmony.src/harmony.common.utils/target/classes:/home/santiago/.m2/repository/org/apache/muse/muse-complete/2.2.0/muse-complete-2.2.0.jar:/home/santiago/.m2/repository/org/apache/muse/muse-tools/2.2.0/muse-tools-2.2.0.jar:/home/santiago/.m2/repository/eu/ist_phosphorus/harmony/common-serviceinterface/1/common-serviceinterface-1.jar:"/>
    <property name="java.vm.specification.version" value="1.0"/>
    <property name="sun.arch.data.model" value="64"/>
    <property name="java.home" value="/usr/lib/jvm/java-6-openjdk/jre"/>
    <property name="sun.java.command" value="/tmp/surefirebooter8760869811764898103.jar /tmp/surefire1528321460244608343tmp /tmp/surefire7671487728719609809tmp"/>
    <property name="java.specification.vendor" value="Sun Microsystems Inc."/>
    <property name="user.language" value="en"/>
    <property name="java.vm.info" value="mixed mode"/>
    <property name="java.version" value="1.6.0_22"/>
    <property name="java.ext.dirs" value="/usr/lib/jvm/java-6-openjdk/jre/lib/ext:/usr/java/packages/lib/ext"/>
    <property name="sun.boot.class.path" value="/usr/lib/jvm/java-6-openjdk/jre/lib/resources.jar:/usr/lib/jvm/java-6-openjdk/jre/lib/rt.jar:/usr/lib/jvm/java-6-openjdk/jre/lib/sunrsasign.jar:/usr/lib/jvm/java-6-openjdk/jre/lib/jsse.jar:/usr/lib/jvm/java-6-openjdk/jre/lib/jce.jar:/usr/lib/jvm/java-6-openjdk/jre/lib/charsets.jar:/usr/lib/jvm/java-6-openjdk/jre/lib/netx.jar:/usr/lib/jvm/java-6-openjdk/jre/lib/plugin.jar:/usr/lib/jvm/java-6-openjdk/jre/lib/rhino.jar:/usr/lib/jvm/java-6-openjdk/jre/lib/modules/jdk.boot.jar:/usr/lib/jvm/java-6-openjdk/jre/classes"/>
    <property name="java.vendor" value="Sun Microsystems Inc."/>
    <property name="localRepository" value="/home/santiago/.m2/repository"/>
    <property name="file.separator" value="/"/>
    <property name="java.vendor.url.bug" value="http://java.sun.com/cgi-bin/bugreport.cgi"/>
    <property name="sun.cpu.endian" value="little"/>
    <property name="sun.io.unicode.encoding" value="UnicodeLittle"/>
    <property name="sun.desktop" value="gnome"/>
    <property name="sun.cpu.isalist" value=""/>
  </properties>
  <testcase time="0.151" classname="eu.ist_phosphorus.harmony.test.adapter.arrm.webservice.TestReservationWS" name="testCreateReservationWorkflow"/>
  <testcase time="0.083" classname="eu.ist_phosphorus.harmony.test.adapter.arrm.webservice.TestReservationWS" name="testGetReservations"/>
  <testcase time="0.024" classname="eu.ist_phosphorus.harmony.test.adapter.arrm.webservice.TestReservationWS" name="testBind"/>
</testsuite>